[    0.000000] Linux version 4.15.0-88-generic (buildd@lgw01-amd64-036) (gcc version 7.4.0 (Ubuntu 7.4.0-1ubuntu1~18.04.1)) #88-Ubuntu SMP Tue Feb 11 20:11:34 UTC 2020 (Ubuntu 4.15.0-88.88-generic 4.15.18)
[    0.000000] Command line: BOOT_IMAGE=/boot/vmlinuz-4.15.0-88-generic root=LABEL=cloudimg-rootfs ro console=tty1 console=ttyS0
[    0.000000] KERNEL supported cpus:
[    0.000000]   Intel GenuineIntel
[    0.000000]   AMD AuthenticAMD
[    0.000000]   Centaur CentaurHauls
[    0.000000] x86/fpu: Supporting XSAVE feature 0x001: 'x87 floating point registers'
[    0.000000] x86/fpu: Supporting XSAVE feature 0x002: 'SSE registers'
[    0.000000] x86/fpu: Supporting XSAVE feature 0x004: 'AVX registers'
[    0.000000] x86/fpu: xstate_offset[2]:  576, xstate_sizes[2]:  256
[    0.000000] x86/fpu: Enabled xstate features 0x7, context size is 832 bytes, using 'standard' format.
[    0.000000] e820: BIOS-provided physical RAM map:
[    0.000000] BIOS-e820: [mem 0x0000000000000000-0x000000000009fbff] usable
[    0.000000] BIOS-e820: [mem 0x000000000009fc00-0x000000000009ffff] reserved
[    0.000000] BIOS-e820: [mem 0x00000000000f0000-0x00000000000fffff] reserved
[    0.000000] BIOS-e820: [mem 0x0000000000100000-0x000000003ffeffff] usable
[    0.000000] BIOS-e820: [mem 0x000000003fff0000-0x000000003fffffff] ACPI data
[    0.000000] BIOS-e820: [mem 0x00000000fec00000-0x00000000fec00fff] reserved
[    0.000000] BIOS-e820: [mem 0x00000000fee00000-0x00000000fee00fff] reserved
[    0.000000] BIOS-e820: [mem 0x00000000fffc0000-0x00000000ffffffff] reserved
[    0.000000] NX (Execute Disable) protection: active
[    0.000000] SMBIOS 2.5 present.
[    0.000000] DMI: innotek GmbH VirtualBox/VirtualBox, BIOS VirtualBox 12/01/2006
[    0.000000] Hypervisor detected: KVM
[    0.000000] e820: last_pfn = 0x3fff0 max_arch_pfn = 0x400000000
[    0.000000] MTRR: Disabled
[    0.000000] x86/PAT: MTRRs disabled, skipping PAT initialization too.
[    0.000000] CPU MTRRs all blank - virtualized system.
[    0.000000] x86/PAT: Configuration [0-7]: WB  WT  UC- UC  WB  WT  UC- UC  
[    0.000000] found SMP MP-table at [mem 0x0009fff0-0x0009ffff]
[    0.000000] Scanning 1 areas for low memory corruption
[    0.000000] RAMDISK: [mem 0x35a6f000-0x36d2efff]
[    0.000000] ACPI: Early table checksum verification disabled
[    0.000000] ACPI: RSDP 0x00000000000E0000 000024 (v02 VBOX  )
[    0.000000] ACPI: XSDT 0x000000003FFF0030 00003C (v01 VBOX   VBOXXSDT 00000001 ASL  00000061)
[    0.000000] ACPI: FACP 0x000000003FFF00F0 0000F4 (v04 VBOX   VBOXFACP 00000001 ASL  00000061)
[    0.000000] ACPI: DSDT 0x000000003FFF0470 002325 (v02 VBOX   VBOXBIOS 00000002 INTL 20100528)
[    0.000000] ACPI: FACS 0x000000003FFF0200 000040
[    0.000000] ACPI: FACS 0x000000003FFF0200 000040
[    0.000000] ACPI: APIC 0x000000003FFF0240 00005C (v02 VBOX   VBOXAPIC 00000001 ASL  00000061)
[    0.000000] ACPI: SSDT 0x000000003FFF02A0 0001CC (v01 VBOX   VBOXCPUT 00000002 INTL 20100528)
[    0.000000] No NUMA configuration found
[    0.000000] Faking a node at [mem 0x0000000000000000-0x000000003ffeffff]
[    0.000000] NODE_DATA(0) allocated [mem 0x3ffc5000-0x3ffeffff]
[    0.000000] kvm-clock: cpu 0, msr 0:3ff44001, primary cpu clock
[    0.000000] kvm-clock: Using msrs 4b564d01 and 4b564d00
[    0.000000] kvm-clock: using sched offset of 4776255692 cycles
[    0.000000] clocksource: kvm-clock: mask: 0xffffffffffffffff max_cycles: 0x1cd42e4dffb, max_idle_ns: 881590591483 ns
[    0.000000] Zone ranges:
[    0.000000]   DMA      [mem 0x0000000000001000-0x0000000000ffffff]
[    0.000000]   DMA32    [mem 0x0000000001000000-0x000000003ffeffff]
[    0.000000]   Normal   empty
[    0.000000]   Device   empty
[    0.000000] Movable zone start for each node
[    0.000000] Early memory node ranges
[    0.000000]   node   0: [mem 0x0000000000001000-0x000000000009efff]
[    0.000000]   node   0: [mem 0x0000000000100000-0x000000003ffeffff]
[    0.000000] Reserved but unavailable: 98 pages
[    0.000000] Initmem setup node 0 [mem 0x0000000000001000-0x000000003ffeffff]
[    0.000000] ACPI: PM-Timer IO Port: 0x4008
[    0.000000] IOAPIC[0]: apic_id 2, version 32, address 0xfec00000, GSI 0-23
[    0.000000] ACPI: INT_SRC_OVR (bus 0 bus_irq 0 global_irq 2 dfl dfl)
[    0.000000] ACPI: INT_SRC_OVR (bus 0 bus_irq 9 global_irq 9 low level)
[    0.000000] Using ACPI (MADT) for SMP configuration information
[    0.000000] smpboot: Allowing 2 CPUs, 0 hotplug CPUs
[    0.000000] PM: Registered nosave memory: [mem 0x00000000-0x00000fff]
[    0.000000] PM: Registered nosave memory: [mem 0x0009f000-0x0009ffff]
[    0.000000] PM: Registered nosave memory: [mem 0x000a0000-0x000effff]
[    0.000000] PM: Registered nosave memory: [mem 0x000f0000-0x000fffff]
[    0.000000] e820: [mem 0x40000000-0xfebfffff] available for PCI devices
[    0.000000] Booting paravirtualized kernel on KVM
[    0.000000] clocksource: refined-jiffies: mask: 0xffffffff max_cycles: 0xffffffff, max_idle_ns: 7645519600211568 ns
[    0.000000] random: get_random_bytes called from start_kernel+0x99/0x4fd with crng_init=0
[    0.000000] setup_percpu: NR_CPUS:8192 nr_cpumask_bits:2 nr_cpu_ids:2 nr_node_ids:1
[    0.000000] percpu: Embedded 45 pages/cpu s147456 r8192 d28672 u1048576
[    0.000000] PV qspinlock hash table entries: 256 (order: 0, 4096 bytes)
[    0.000000] Built 1 zonelists, mobility grouping on.  Total pages: 257913
[    0.000000] Policy zone: DMA32
[    0.000000] Kernel command line: BOOT_IMAGE=/boot/vmlinuz-4.15.0-88-generic root=LABEL=cloudimg-rootfs ro console=tty1 console=ttyS0
[    0.000000] Memory: 983072K/1048120K available (12300K kernel code, 2481K rwdata, 4264K rodata, 2428K init, 2712K bss, 65048K reserved, 0K cma-reserved)
[    0.000000] SLUB: HWalign=64, Order=0-3, MinObjects=0, CPUs=2, Nodes=1
[    0.000000] Kernel/User page tables isolation: enabled
[    0.000000] ftrace: allocating 39344 entries in 154 pages
[    0.004000] Hierarchical RCU implementation.
[    0.004000] 	RCU restricting CPUs from NR_CPUS=8192 to nr_cpu_ids=2.
[    0.004000] 	Tasks RCU enabled.
[    0.004000] RCU: Adjusting geometry for rcu_fanout_leaf=16, nr_cpu_ids=2
[    0.004000] NR_IRQS: 524544, nr_irqs: 440, preallocated irqs: 16
[    0.004000] Console: colour VGA+ 80x25
[    0.004000] console [tty1] enabled
[    0.004000] console [ttyS0] enabled
[    0.004000] ACPI: Core revision 20170831
[    0.004000] ACPI: 2 ACPI AML tables successfully acquired and loaded
[    0.004000] APIC: Switch to symmetric I/O mode setup
[    0.004000] x2apic enabled
[    0.004000] Switched APIC routing to physical x2apic.
[    0.004000] ..TIMER: vector=0x30 apic1=0 pin1=2 apic2=-1 pin2=-1
[    0.004004] tsc: Detected 2711.998 MHz processor
[    0.004719] Calibrating delay loop (skipped) preset value.. 5423.99 BogoMIPS (lpj=10847992)
[    0.005354] pid_max: default: 32768 minimum: 301
[    0.006098] Security Framework initialized
[    0.008003] Yama: becoming mindful.
[    0.008581] AppArmor: AppArmor initialized
[    0.012000] Dentry cache hash table entries: 131072 (order: 8, 1048576 bytes)
[    0.012107] Inode-cache hash table entries: 65536 (order: 7, 524288 bytes)
[    0.013342] Mount-cache hash table entries: 2048 (order: 2, 16384 bytes)
[    0.016007] Mountpoint-cache hash table entries: 2048 (order: 2, 16384 bytes)
[    0.017488] Last level iTLB entries: 4KB 64, 2MB 8, 4MB 8
[    0.018674] Last level dTLB entries: 4KB 64, 2MB 0, 4MB 0, 1GB 4
[    0.020005] Spectre V1 : Mitigation: usercopy/swapgs barriers and __user pointer sanitization
[    0.021306] Spectre V2 : Mitigation: Full generic retpoline
[    0.022149] Spectre V2 : Spectre v2 / SpectreRSB mitigation: Filling RSB on context switch
[    0.023390] Speculative Store Bypass: Vulnerable
[    0.024045] MDS: Vulnerable: Clear CPU buffers attempted, no microcode
[    0.025225] Freeing SMP alternatives memory: 36K
[    0.136202] smpboot: CPU0: Intel(R) Core(TM) i5-7200U CPU @ 2.50GHz (family: 0x6, model: 0x8e, stepping: 0x9)
[    0.137926] Performance Events: unsupported p6 CPU model 142 no PMU driver, software events only.
[    0.140049] Hierarchical SRCU implementation.
[    0.141905] NMI watchdog: Perf event create on CPU 0 failed with -2
[    0.143016] NMI watchdog: Perf NMI watchdog permanently disabled
[    0.144000] smp: Bringing up secondary CPUs ...
[    0.144159] x86: Booting SMP configuration:
[    0.145174] .... node  #0, CPUs:      #1
[    0.004000] kvm-clock: cpu 1, msr 0:3ff44041, secondary cpu clock
[    0.150379] smp: Brought up 1 node, 2 CPUs
[    0.152011] smpboot: Max logical packages: 1
[    0.152878] smpboot: Total of 2 processors activated (10847.99 BogoMIPS)
[    0.154272] devtmpfs: initialized
[    0.156051] x86/mm: Memory block size: 128MB
[    0.157405] evm: security.selinux
[    0.158070] evm: security.SMACK64
[    0.158684] evm: security.SMACK64EXEC
[    0.159329] evm: security.SMACK64TRANSMUTE
[    0.160000] evm: security.SMACK64MMAP
[    0.160007] evm: security.apparmor
[    0.160962] evm: security.ima
[    0.161740] evm: security.capability
[    0.162672] clocksource: jiffies: mask: 0xffffffff max_cycles: 0xffffffff, max_idle_ns: 7645041785100000 ns
[    0.164025] futex hash table entries: 512 (order: 3, 32768 bytes)
[    0.168000] pinctrl core: initialized pinctrl subsystem
[    0.168144] RTC time: 10:19:22, date: 03/03/20
[    0.172208] NET: Registered protocol family 16
[    0.173061] audit: initializing netlink subsys (disabled)
[    0.174013] audit: type=2000 audit(1583230768.210:1): state=initialized audit_enabled=0 res=1
[    0.176012] cpuidle: using governor ladder
[    0.176785] cpuidle: using governor menu
[    0.177702] ACPI: bus type PCI registered
[    0.178587] acpiphp: ACPI Hot Plug PCI Controller Driver version: 0.5
[    0.180114] PCI: Using configuration type 1 for base access
[    0.181081] HugeTLB registered 2.00 MiB page size, pre-allocated 0 pages
[    0.184087] ACPI: Added _OSI(Module Device)
[    0.185030] ACPI: Added _OSI(Processor Device)
[    0.185791] ACPI: Added _OSI(3.0 _SCP Extensions)
[    0.186829] ACPI: Added _OSI(Processor Aggregator Device)
[    0.188005] ACPI: Added _OSI(Linux-Dell-Video)
[    0.188810] ACPI: Added _OSI(Linux-Lenovo-NV-HDMI-Audio)
[    0.189793] ACPI: Added _OSI(Linux-HPI-Hybrid-Graphics)
[    0.191005] ACPI: Executed 1 blocks of module-level executable AML code
[    0.196411] ACPI: Interpreter enabled
[    0.197134] ACPI: (supports S0 S5)
[    0.197857] ACPI: Using IOAPIC for interrupt routing
[    0.198912] PCI: Using host bridge windows from ACPI; if necessary, use "pci=nocrs" and report a bug
[    0.200199] ACPI: Enabled 2 GPEs in block 00 to 07
[    0.208796] ACPI: PCI Root Bridge [PCI0] (domain 0000 [bus 00-ff])
[    0.210170] acpi PNP0A03:00: _OSC: OS supports [ASPM ClockPM Segments MSI]
[    0.212288] acpi PNP0A03:00: _OSC: not requesting OS control; OS requires [ExtendedConfig ASPM ClockPM MSI]
[    0.214051] acpi PNP0A03:00: fail to add MMCONFIG information, can't access extended PCI configuration space under this bridge.
[    0.216863] PCI host bridge to bus 0000:00
[    0.217950] pci_bus 0000:00: root bus resource [io  0x0000-0x0cf7 window]
[    0.220011] pci_bus 0000:00: root bus resource [io  0x0d00-0xffff window]
[    0.221449] pci_bus 0000:00: root bus resource [mem 0x000a0000-0x000bffff window]
[    0.224027] pci_bus 0000:00: root bus resource [mem 0x40000000-0xfdffffff window]
[    0.225989] pci_bus 0000:00: root bus resource [bus 00-ff]
[    0.230266] pci 0000:00:01.1: legacy IDE quirk: reg 0x10: [io  0x01f0-0x01f7]
[    0.231783] pci 0000:00:01.1: legacy IDE quirk: reg 0x14: [io  0x03f6]
[    0.232007] pci 0000:00:01.1: legacy IDE quirk: reg 0x18: [io  0x0170-0x0177]
[    0.233569] pci 0000:00:01.1: legacy IDE quirk: reg 0x1c: [io  0x0376]
[    0.270583] pci 0000:00:07.0: quirk: [io  0x4000-0x403f] claimed by PIIX4 ACPI
[    0.272037] pci 0000:00:07.0: quirk: [io  0x4100-0x410f] claimed by PIIX4 SMB
[    0.296022] ACPI: PCI Interrupt Link [LNKA] (IRQs 5 9 10 *11)
[    0.297295] ACPI: PCI Interrupt Link [LNKB] (IRQs 5 9 *10 11)
[    0.298408] ACPI: PCI Interrupt Link [LNKC] (IRQs 5 *9 10 11)
[    0.300139] ACPI: PCI Interrupt Link [LNKD] (IRQs 5 9 10 *11)
[    0.301787] SCSI subsystem initialized
[    0.302574] pci 0000:00:02.0: vgaarb: setting as boot VGA device
[    0.302574] pci 0000:00:02.0: vgaarb: VGA device added: decodes=io+mem,owns=io+mem,locks=none
[    0.304024] pci 0000:00:02.0: vgaarb: bridge control possible
[    0.305211] vgaarb: loaded
[    0.308067] ACPI: bus type USB registered
[    0.309006] usbcore: registered new interface driver usbfs
[    0.310067] usbcore: registered new interface driver hub
[    0.311339] usbcore: registered new device driver usb
[    0.312100] EDAC MC: Ver: 3.0.0
[    0.313181] PCI: Using ACPI for IRQ routing
[    0.313347] NetLabel: Initializing
[    0.314120] NetLabel:  domain hash size = 128
[    0.316004] NetLabel:  protocols = UNLABELED CIPSOv4 CALIPSO
[    0.317316] NetLabel:  unlabeled traffic allowed by default
[    0.318502] clocksource: Switched to clocksource kvm-clock
[    0.339626] VFS: Disk quotas dquot_6.6.0
[    0.340515] VFS: Dquot-cache hash table entries: 512 (order 0, 4096 bytes)
[    0.342036] AppArmor: AppArmor Filesystem Enabled
[    0.342803] pnp: PnP ACPI init
[    0.344342] pnp: PnP ACPI: found 3 devices
[    0.354731] clocksource: acpi_pm: mask: 0xffffff max_cycles: 0xffffff, max_idle_ns: 2085701024 ns
[    0.356900] NET: Registered protocol family 2
[    0.358038] TCP established hash table entries: 8192 (order: 4, 65536 bytes)
[    0.359527] TCP bind hash table entries: 8192 (order: 5, 131072 bytes)
[    0.364138] TCP: Hash tables configured (established 8192 bind 8192)
[    0.365601] UDP hash table entries: 512 (order: 2, 16384 bytes)
[    0.367099] UDP-Lite hash table entries: 512 (order: 2, 16384 bytes)
[    0.368708] NET: Registered protocol family 1
[    0.369495] pci 0000:00:00.0: Limiting direct PCI/PCI transfers
[    0.370467] pci 0000:00:01.0: Activating ISA DMA hang workarounds
[    0.371464] pci 0000:00:02.0: Video device with shadowed ROM at [mem 0x000c0000-0x000dffff]
[    0.372914] Unpacking initramfs...
[    0.721576] Freeing initrd memory: 19200K
[    0.722739] clocksource: tsc: mask: 0xffffffffffffffff max_cycles: 0x27178451938, max_idle_ns: 440795251172 ns
[    0.724442] platform rtc_cmos: registered platform RTC device (no PNP device found)
[    0.726269] Scanning for low memory corruption every 60 seconds
[    0.728268] Initialise system trusted keyrings
[    0.729258] Key type blacklist registered
[    0.730181] workingset: timestamp_bits=36 max_order=18 bucket_order=0
[    0.732561] zbud: loaded
[    0.733671] squashfs: version 4.0 (2009/01/31) Phillip Lougher
[    0.735172] fuse init (API version 7.26)
[    0.739663] Key type asymmetric registered
[    0.740427] Asymmetric key parser 'x509' registered
[    0.741461] Block layer SCSI generic (bsg) driver version 0.4 loaded (major 246)
[    0.742880] io scheduler noop registered
[    0.743615] io scheduler deadline registered
[    0.744578] io scheduler cfq registered (default)
[    0.745758] ACPI: AC Adapter [AC] (on-line)
[    0.746573] input: Power Button as /devices/LNXSYSTM:00/LNXPWRBN:00/input/input0
[    0.748101] ACPI: Power Button [PWRF]
[    0.748831] input: Sleep Button as /devices/LNXSYSTM:00/LNXSLPBN:00/input/input1
[    0.750267] ACPI: Sleep Button [SLPF]
[    0.752140] ACPI: Battery Slot [BAT0] (battery present)
[    0.752259] Serial: 8250/16550 driver, 32 ports, IRQ sharing enabled
[    0.775122] 00:02: ttyS0 at I/O 0x3f8 (irq = 4, base_baud = 115200) is a 16550A
[    0.779605] Linux agpgart interface v0.103
[    0.781532] loop: module loaded
[    0.782871] scsi host0: ata_piix
[    0.783821] scsi host1: ata_piix
[    0.784478] ata1: PATA max UDMA/33 cmd 0x1f0 ctl 0x3f6 bmdma 0xd000 irq 14
[    0.785680] ata2: PATA max UDMA/33 cmd 0x170 ctl 0x376 bmdma 0xd008 irq 15
[    0.786904] libphy: Fixed MDIO Bus: probed
[    0.787653] tun: Universal TUN/TAP device driver, 1.6
[    0.788824] PPP generic driver version 2.4.2
[    0.789630] ehci_hcd: USB 2.0 'Enhanced' Host Controller (EHCI) Driver
[    0.791073] ehci-pci: EHCI PCI platform driver
[    0.792091] ehci-platform: EHCI generic platform driver
[    0.793180] ohci_hcd: USB 1.1 'Open' Host Controller (OHCI) Driver
[    0.794264] ohci-pci: OHCI PCI platform driver
[    0.795057] ohci-platform: OHCI generic platform driver
[    0.795950] uhci_hcd: USB Universal Host Controller Interface driver
[    0.797271] i8042: PNP: PS/2 Controller [PNP0303:PS2K,PNP0f03:PS2M] at 0x60,0x64 irq 1,12
[    0.799773] serio: i8042 KBD port at 0x60,0x64 irq 1
[    0.801245] serio: i8042 AUX port at 0x60,0x64 irq 12
[    0.802205] mousedev: PS/2 mouse device common for all mice
[    0.803391] input: AT Translated Set 2 keyboard as /devices/platform/i8042/serio0/input/input2
[    0.805437] rtc_cmos rtc_cmos: rtc core: registered rtc_cmos as rtc0
[    0.806624] rtc_cmos rtc_cmos: alarms up to one day, 114 bytes nvram
[    0.807677] i2c /dev entries driver
[    0.808805] device-mapper: uevent: version 1.0.3
[    0.809673] device-mapper: ioctl: 4.37.0-ioctl (2017-09-20) initialised: dm-devel@redhat.com
[    0.811268] ledtrig-cpu: registered to indicate activity on CPUs
[    0.813456] NET: Registered protocol family 10
[    0.819121] Segment Routing with IPv6
[    0.819814] NET: Registered protocol family 17
[    0.820869] Key type dns_resolver registered
[    0.821839] mce: Using 0 MCE banks
[    0.822536] RAS: Correctable Errors collector initialized.
[    0.823481] sched_clock: Marking stable (821760718, 0)->(1042863905, -221103187)
[    0.825488] registered taskstats version 1
[    0.826262] Loading compiled-in X.509 certificates
[    0.830518] Loaded X.509 cert 'Build time autogenerated kernel key: f0020782f0d3a548186fb3f47aed88387a71e859'
[    0.832328] zswap: loaded using pool lzo/zbud
[    0.837650] Key type big_key registered
[    0.838408] Key type trusted registered
[    0.841500] Key type encrypted registered
[    0.842856] AppArmor: AppArmor sha1 policy hashing enabled
[    0.843951] ima: No TPM chip found, activating TPM-bypass! (rc=-19)
[    0.845591] ima: Allocated hash algorithm: sha1
[    0.846392] evm: HMAC attrs: 0x1
[    0.847382]   Magic number: 12:535:324
[    0.848282] tty tty49: hash matches
[    0.849030] acpi PNP0B00:00: hash matches
[    0.850013] rtc_cmos rtc_cmos: setting system clock to 2020-03-03 10:19:22 UTC (1583230762)
[    0.851746] BIOS EDD facility v0.16 2004-Jun-25, 0 devices found
[    0.852987] EDD information not available.
[    1.019369] Freeing unused kernel image memory: 2428K
[    1.032372] Write protecting the kernel read-only data: 20480k
[    1.034415] Freeing unused kernel image memory: 2008K
[    1.035816] Freeing unused kernel image memory: 1880K
[    1.043976] x86/mm: Checked W+X mappings: passed, no W+X pages found.
[    1.045727] x86/mm: Checking user space page tables
[    1.053129] x86/mm: Checked W+X mappings: passed, no W+X pages found.
Loading, please wait...
starting version 237
[    1.138636] e1000: Intel(R) PRO/1000 Network Driver - version 7.3.21-k8-NAPI
[    1.139719] e1000: Copyright (c) 1999-2006 Intel Corporation.
[    1.146856] Fusion MPT base driver 3.04.20
[    1.147540] Copyright (c) 1999-2008 LSI Corporation
[    1.174328] Fusion MPT SPI Host driver 3.04.20
[    1.182504] AVX2 version of gcm_enc/dec engaged.
[    1.183502] AES CTR mode by8 optimization enabled
[    1.369522] input: ImExPS/2 Generic Explorer Mouse as /devices/platform/i8042/serio1/input/input4
[    1.549817] e1000 0000:00:03.0 eth0: (PCI:33MHz:32-bit) 02:12:4b:e9:82:8c
[    1.552455] e1000 0000:00:03.0 eth0: Intel(R) PRO/1000 Network Connection
[    1.942062] e1000 0000:00:08.0 eth1: (PCI:33MHz:32-bit) 08:00:27:54:71:74
[    1.943928] e1000 0000:00:08.0 eth1: Intel(R) PRO/1000 Network Connection
[    1.946566] e1000 0000:00:03.0 enp0s3: renamed from eth0
[    1.948835] mptbase: ioc0: Initiating bringup
[    1.960669] e1000 0000:00:08.0 enp0s8: renamed from eth1
[    2.044472] ioc0: LSI53C1030 A0: Capabilities={Initiator}
[    2.291734] scsi host2: ioc0: LSI53C1030 A0, FwRev=00000000h, Ports=1, MaxQ=256, IRQ=20
[    2.465333] scsi 2:0:0:0: Direct-Access     VBOX     HARDDISK         1.0  PQ: 0 ANSI: 5
[    2.515005] scsi target2:0:0: Beginning Domain Validation
[    2.524145] scsi target2:0:0: Domain Validation skipping write tests
[    2.527540] scsi target2:0:0: Ending Domain Validation
[    2.530232] scsi target2:0:0: asynchronous
[    2.533341] scsi 2:0:1:0: Direct-Access     VBOX     HARDDISK         1.0  PQ: 0 ANSI: 5
[    2.816789] scsi target2:0:1: Beginning Domain Validation
[    2.826063] random: fast init done
[    2.829694] scsi target2:0:1: Domain Validation skipping write tests
[    2.834122] scsi target2:0:1: Ending Domain Validation
[    2.837335] scsi target2:0:1: asynchronous
[    2.846526] sd 2:0:0:0: Attached scsi generic sg0 type 0
[    2.846530] random: systemd-udevd: uninitialized urandom read (16 bytes read)
[    2.848619] random: systemd-udevd: uninitialized urandom read (16 bytes read)
[    2.852045] sd 2:0:1:0: [sdb] 20480 512-byte logical blocks: (10.5 MB/10.0 MiB)
[    2.853152] random: systemd-udevd: uninitialized urandom read (16 bytes read)
[    2.856283] sd 2:0:1:0: [sdb] Write Protect is off
[    2.859134] sd 2:0:1:0: Attached scsi generic sg1 type 0
[    2.862280] sd 2:0:0:0: [sda] 20971520 512-byte logical blocks: (10.7 GB/10.0 GiB)
[    2.862466] sd 2:0:1:0: [sdb] Incomplete mode parameter data
[    2.864875] sd 2:0:0:0: [sda] Write Protect is off
[    2.866620] sd 2:0:1:0: [sdb] Assuming drive cache: write through
[    2.869185] sd 2:0:0:0: [sda] Incomplete mode parameter data
[    2.870157] sd 2:0:0:0: [sda] Assuming drive cache: write through
[    2.871352] sd 2:0:1:0: [sdb] Attached SCSI disk
[    2.874948]  sda: sda1
[    2.876721] sd 2:0:0:0: [sda] Attached SCSI disk
Begin: Loading essential drivers ... [    4.380255] raid6: sse2x1   gen() 10242 MB/s
[    4.428055] raid6: sse2x1   xor()  7590 MB/s
[    4.476384] raid6: sse2x2   gen() 11873 MB/s
[    4.524208] raid6: sse2x2   xor()  8676 MB/s
[    4.572682] raid6: sse2x4   gen() 13355 MB/s
[    4.620343] raid6: sse2x4   xor()  8843 MB/s
[    4.668160] raid6: avx2x1   gen() 19396 MB/s
[    4.716463] raid6: avx2x1   xor() 14642 MB/s
[    4.764071] raid6: avx2x2   gen() 23949 MB/s
[    4.812156] raid6: avx2x2   xor() 11564 MB/s
[    4.860428] raid6: avx2x4   gen() 24171 MB/s
[    4.908258] raid6: avx2x4   xor() 10615 MB/s
[    4.909710] raid6: using algorithm avx2x4 gen() 24171 MB/s
[    4.911249] raid6: .... xor() 10615 MB/s, rmw enabled
[    4.912546] raid6: using avx2x2 recovery algorithm
[    4.915406] xor: automatically using best checksumming function   avx       
[    4.921052] async_tx: api initialized (async)
done.
Begin: Running /scripts/init-premount ... done.
Begin: Mounting root file system ... Begin: Running /scripts/local-top ... done.
Begin: Running /scripts/local-premount ... [    4.979575] Btrfs loaded, crc32c=crc32c-intel
Scanning for Btrfs filesystems
done.
Warning: fsck not present, so skipping root file system
[    5.011363] EXT4-fs (sda1): mounted filesystem with ordered data mode. Opts: (null)
done.
Begin: Running /scripts/local-bottom ... done.
Begin: Running /scripts/init-bottom ... done.
[    5.184800] ip_tables: (C) 2000-2006 Netfilter Core Team
[    5.198059] systemd[1]: systemd 237 running in system mode. (+PAM +AUDIT +SELINUX +IMA +APPARMOR +SMACK +SYSVINIT +UTMP +LIBCRYPTSETUP +GCRYPT +GNUTLS +ACL +XZ +LZ4 +SECCOMP +BLKID +ELFUTILS +KMOD -IDN2 +IDN -PCRE2 default-hierarchy=hybrid)
[    5.201760] systemd[1]: Detected virtualization oracle.
[    5.202844] systemd[1]: Detected architecture x86-64.

Welcome to [1mUbuntu 18.04.4 LTS[0m!

[    5.221713] systemd[1]: Set hostname to <ubuntu>.
[    5.230994] systemd[1]: Initializing machine ID from random generator.
[    5.232319] systemd[1]: Installed transient /etc/machine-id file.
[    5.603283] systemd[1]: Reached target Swap.
[[0;32m  OK  [0m] Reached target Swap.
[    5.606869] systemd[1]: Created slice User and Session Slice.
[[0;32m  OK  [0m] Created slice User and Session Slice.
[    5.609525] systemd[1]: Set up automount Arbitrary Executable File Formats File System Automount Point.
[[0;32m  OK  [0m] Set up automount Arbitrary Executab…rmats File System Automount Point.
[    5.613423] systemd[1]: Started Forward Password Requests to Wall Directory Watch.
[[0;32m  OK  [0m] Started Forward Password Requests to Wall Directory Watch.
[[0;32m  OK  [0m] Created slice System Slice.
[[0;32m  OK  [0m] Listening on LVM2 poll daemon socket.
[[0;32m  OK  [0m] Listening on Journal Socket.
         Mounting Kernel Debug File System...
         Starting Remount Root and Kernel File Systems...
         Starting Load Kernel Modules...
[[0;32m  OK  [0m] Listening on udev Kernel Socket.
[[0;32m  OK  [0m] Listening on /dev/initctl Compatibility Named Pipe.
[[0;32m  OK  [0m] Created slice system-serial\x2dgetty.slice.
[[0;32m  OK  [0m] Reached target System Time Synchronized.
[[0;32m  OK  [0m] Listening on udev Control Socket.
         Starting udev Coldplug all Devices...
[[0;32m  OK  [0m] Listening on Journal Audit Socket.
[[0;32m  OK  [0m] Reached target User and Group Name Lookups.
[[0;32m  OK  [0m] Reached target Slices.
         Starting Create list of required st…ce nodes for the current kernel...
         Mounting POSIX Message Queue File System...
         Starting Set the console keyboard layout...
[[0;32m  OK  [0m] Listening on Journal Socket (/dev/log).
         Mounting Huge Pages File System...
         Starting Uncomplicated firewall...
[    5.661246] Loading iSCSI transport class v2.0-870.
[[0;32m  OK  [0m] Listening on Syslog Socket.
         Starting Journal Service...
[    5.670781] iscsi: registered transport (tcp)
[[0;32m  OK  [0m] Listening on Device-mapper event daemon FIFOs.
[[0;32m  OK  [0m] Listening on LVM2 metadata daemon socket.
         Starting Monitoring of LVM2 mirrors…ng dmeventd or progress polling...
[[0;32m  OK  [0m] Listening on Network Service Netlink Socket.
[[0;32m  OK  [0m] Mounted Kernel Debug File System.
[[0;32m  OK  [0m] Mounted POSIX Message Queue File System.
[[0;32m  OK  [0m] Mounted Huge Pages File System.
[    5.711795] EXT4-fs (sda1): re-mounted. Opts: (null)
[[0;32m  OK  [0m] Started Create list of required sta…vice nodes for the current kernel.
[[0;32m  OK  [0m] Started Remount Root and Kernel File Systems.
[    5.779828] iscsi: registered transport (iser)
         Starting Load/Save Random Seed...
         Starting Create Static Device Nodes in /dev...
[[0;32m  OK  [0m] Started Journal Service.
[[0;32m  OK  [0m] Started Load Kernel Modules.
[[0;32m  OK  [0m] Started Uncomplicated firewall.
[[0;32m  OK  [0m] Started LVM2 metadata daemon.
         Starting Apply Kernel Variables...
         Mounting FUSE Control File System...
         Mounting Kernel Configuration File System...
         Starting Flush Journal to Persistent Storage...
[[0;32m  OK  [0m] Started Load/Save Random Seed.
[[0;32m  OK  [0m] Mounted FUSE Control File System.
[[0;32m  OK  [0m] Mounted Kernel Configuration File System.
[[0;32m  OK  [0m] Started Create Static Device Nodes in /dev.
         Starting udev Kernel Device Manager...
[[0;32m  OK  [0m] Started udev Coldplug all Devices.
[[0;32m  OK  [0m] Started Monitoring of LVM2 mirrors,…sing dmeventd or progress polling.
[[0;32m  OK  [0m] Started udev Kernel Device Manager.
[[0;32m  OK  [0m] Started Apply Kernel Variables.
[[0;32m  OK  [0m] Started Flush Journal to Persistent Storage.
[[0;32m  OK  [0m] Found device /dev/ttyS0.
[[0;32m  OK  [0m] Listening on Load/Save RF Kill Switch Status /dev/rfkill Watch.
[[0;32m  OK  [0m] Started Set the console keyboard layout.
[[0;32m  OK  [0m] Started Dispatch Password Requests to Console Directory Watch.
[[0;32m  OK  [0m] Reached target Local Encrypted Volumes.
[[0;32m  OK  [0m] Reached target Local File Systems (Pre).
[[0;32m  OK  [0m] Reached target Local File Systems.
         Starting Tell Plymouth To Write Out Runtime Data...
         Starting ebtables ruleset management...
         Starting Set console font and keymap...
         Starting Commit a transient machine-id on disk...
         Starting AppArmor initialization...
         Starting Create Volatile Files and Directories...
[[0;32m  OK  [0m] Started Tell Plymouth To Write Out Runtime Data.
[[0;32m  OK  [0m] Started Set console font and keymap.
[[0;32m  OK  [0m] Started Create Volatile Files and Directories.
         Starting Update UTMP about System Boot/Shutdown...
[[0;32m  OK  [0m] Started Update UTMP about System Boot/Shutdown.
[[0;32m  OK  [0m] Started Commit a transient machine-id on disk.
[[0;32m  OK  [0m] Started ebtables ruleset management.
[[0;32m  OK  [0m] Started AppArmor initialization.
         Starting Initial cloud-init job (pre-networking)...
[    9.363454] cloud-init[658]: Cloud-init v. 19.4-33-gbb4131a2-0ubuntu1~18.04.1 running 'init-local' at Tue, 03 Mar 2020 10:19:30 +0000. Up 8.97 seconds.
[[0;32m  OK  [0m] Started Initial cloud-init job (pre-networking).
[[0;32m  OK  [0m] Reached target Network (Pre).
         Starting Network Service...
[[0;32m  OK  [0m] Started Network Service.
         Starting Network Name Resolution...
         Starting Wait for Network to be Configured...
[[0;32m  OK  [0m] Started Network Name Resolution.
[[0;32m  OK  [0m] Reached target Host and Network Name Lookups.
[[0;32m  OK  [0m] Reached target Network.
[[0;32m  OK  [0m] Started Wait for Network to be Configured.
         Starting Initial cloud-init job (metadata service crawler)...
[   12.078064] cloud-init[771]: Cloud-init v. 19.4-33-gbb4131a2-0ubuntu1~18.04.1 running 'init' at Tue, 03 Mar 2020 10:19:33 +0000. Up 11.74 seconds.
[   12.091896] cloud-init[771]: ci-info: ++++++++++++++++++++++++++++++++++++++Net device info+++++++++++++++++++++++++++++++++++++++
[   12.099462] cloud-init[771]: ci-info: +--------+-------+----------------------------+---------------+--------+-------------------+
[   12.103890] cloud-init[771]: ci-info: | Device |   Up  |          Address           |      Mask     | Scope  |     Hw-Address    |
[   12.110275] cloud-init[771]: ci-info: +--------+-------+----------------------------+---------------+--------+-------------------+
[   12.112738] cloud-init[771]: ci-info: | enp0s3 |  True |         10.0.2.15          | 255.255.255.0 | global | 02:12:4b:e9:82:8c |
[   12.117673] cloud-init[771]: ci-info: | enp0s3 |  True | fe80::12:4bff:fee9:828c/64 |       .       |  link  | 02:12:4b:e9:82:8c |
[   12.121427] cloud-init[771]: ci-info: | enp0s8 | False |             .              |       .       |   .    | 08:00:27:54:71:74 |
[   12.125703] cloud-init[771]: ci-info: |   lo   |  True |         127.0.0.1          |   255.0.0.0   |  host  |         .         |
[   12.127925] cloud-init[771]: ci-info: |   lo   |  True |          ::1/128           |       .       |  host  |         .         |
[   12.130223] cloud-init[771]: ci-info: +--------+-------+----------------------------+---------------+--------+-------------------+
[   12.133544] cloud-init[771]: ci-info: ++++++++++++++++++++++++++++Route IPv4 info+++++++++++++++++++++++++++++
[   12.135780] cloud-init[771]: ci-info: +-------+-------------+----------+-----------------+-----------+-------+
[   12.137588] cloud-init[771]: ci-info: | Route | Destination | Gateway  |     Genmask     | Interface | Flags |
[   12.139769] cloud-init[771]: ci-info: +-------+-------------+----------+-----------------+-----------+-------+
[   12.144187] cloud-init[771]: ci-info: |   0   |   0.0.0.0   | 10.0.2.2 |     0.0.0.0     |   enp0s3  |   UG  |
[   12.148688] cloud-init[771]: ci-info: |   1   |   10.0.2.0  | 0.0.0.0  |  255.255.255.0  |   enp0s3  |   U   |
[   12.152533] cloud-init[771]: ci-info: |   2   |   10.0.2.2  | 0.0.0.0  | 255.255.255.255 |   enp0s3  |   UH  |
[   12.154338] cloud-init[771]: ci-info: +-------+-------------+----------+-----------------+-----------+-------+
[   12.158639] cloud-init[771]: ci-info: +++++++++++++++++++Route IPv6 info+++++++++++++++++++
[   12.176321] cloud-init[771]: ci-info: +-------+-------------+---------+-----------+-------+
[   12.178034] cloud-init[771]: ci-info: | Route | Destination | Gateway | Interface | Flags |
[   12.179475] cloud-init[771]: ci-info: +-------+-------------+---------+-----------+-------+
[   12.180791] cloud-init[771]: ci-info: |   1   |  fe80::/64  |    ::   |   enp0s3  |   U   |
[   12.182324] cloud-init[771]: ci-info: |   3   |    local    |    ::   |   enp0s3  |   U   |
[   12.183843] cloud-init[771]: ci-info: |   4   |   ff00::/8  |    ::   |   enp0s3  |   U   |
[   12.185289] cloud-init[771]: ci-info: +-------+-------------+---------+-----------+-------+
[   13.034840] cloud-init[771]: Generating public/private rsa key pair.
[   13.036119] cloud-init[771]: Your identification has been saved in /etc/ssh/ssh_host_rsa_key.
[   13.037507] cloud-init[771]: Your public key has been saved in /etc/ssh/ssh_host_rsa_key.pub.
[   13.039193] cloud-init[771]: The key fingerprint is:
[   13.040543] cloud-init[771]: SHA256:VhMPSjjSyrJLpNUHC1UdL8Yuk9FMSPUJvaKxPEGTKVg root@ubuntu-bionic
[   13.042139] cloud-init[771]: The key's randomart image is:
[   13.043161] cloud-init[771]: +---[RSA 2048]----+
[   13.044001] cloud-init[771]: |   +E+oB*oo      |
[   13.044843] cloud-init[771]: |  o + X*.=.=     |
[   13.045699] cloud-init[771]: |   + B.oB *..    |
[   13.046836] cloud-init[771]: |  + = +=.o..     |
[   13.047847] cloud-init[771]: | + o o+=S.       |
[   13.048721] cloud-init[771]: |. o   =+         |
[   13.049593] cloud-init[771]: | . .   .         |
[   13.050627] cloud-init[771]: |  .              |
[   13.052573] cloud-init[771]: |                 |
[   13.053355] cloud-init[771]: +----[SHA256]-----+
[   13.054350] cloud-init[771]: Generating public/private dsa key pair.
[   13.055838] cloud-init[771]: Your identification has been saved in /etc/ssh/ssh_host_dsa_key.
[   13.058054] cloud-init[771]: Your public key has been saved in /etc/ssh/ssh_host_dsa_key.pub.
[   13.060686] cloud-init[771]: The key fingerprint is:
[   13.062110] cloud-init[771]: SHA256:V+E9Gs9ZwjkZXXbj3QiZtFSDJJCdUVhYUyPWvqis4Kw root@ubuntu-bionic
[   13.065072] cloud-init[771]: The key's randomart image is:
[   13.066951] cloud-init[771]: +---[DSA 1024]----+
[   13.068995] cloud-init[771]: |        .+o@&B*o=|
[   13.070938] cloud-init[771]: |        . ==+OoO*|
[   13.072200] cloud-init[771]: |            =.X.+|
[   13.073383] cloud-init[771]: |           . =.* |
[   13.074194] cloud-init[771]: |        S . ..+. |
[   13.075276] cloud-init[771]: |         .  . .  |
[   13.076096] cloud-init[771]: |      .  . .     |
[   13.077073] cloud-init[771]: |     o .  o      |
[   13.078317] cloud-init[771]: |    E.o ..       |
[   13.079296] cloud-init[771]: +----[SHA256]-----+
[   13.080320] cloud-init[771]: Generating public/private ecdsa key pair.
[   13.081672] cloud-init[771]: Your identification has been saved in /etc/ssh/ssh_host_ecdsa_key.
[   13.083183] cloud-init[771]: Your public key has been saved in /etc/ssh/ssh_host_ecdsa_key.pub.
[   13.084753] cloud-init[771]: The key fingerprint is:
[   13.085794] cloud-init[771]: SHA256:N5Hvi7AwDfMMHqj9asAbiV7DadhURuZn31I07YBzoz0 root@ubuntu-bionic
[   13.087447] cloud-init[771]: The key's randomart image is:
[   13.100321] cloud-init[771]: +---[ECDSA 256]---+
[   13.101727] cloud-init[771]: |    .o    .o.    |
[   13.102757] cloud-init[771]: |    oo   o.=..   |
[   13.103869] cloud-init[771]: |    o. o  B.+    |
[   13.105041] cloud-init[771]: |   . .o ..oE .   |
[   13.106185] cloud-init[771]: | o=.o = Soo.o    |
[   13.107193] cloud-init[771]: |..=X . O ..o     |
[   13.108254] cloud-init[771]: |. ++o + =   .    |
[   13.109373] cloud-init[771]: | .. .. o o . .   |
[   13.110264] cloud-init[771]: |   .... . . .    |
[   13.111106] cloud-init[771]: +----[SHA256]-----+
[   13.112080] cloud-init[771]: Generating public/private ed25519 key pair.
[   13.113334] cloud-init[771]: Your identification has been saved in /etc/ssh/ssh_host_ed25519_key.
[   13.124582] cloud-init[771]: Your public key has been saved in /etc/ssh/ssh_host_ed25519_key.pub.
[   13.126355] cloud-init[771]: The key fingerprint is:
[   13.127701] cloud-init[771]: SHA256:CpJboC2c16MQGiyxJCv/TBer9liVoufPsFukJUMimsE root@ubuntu-bionic
[   13.129984] cloud-init[771]: The key's randomart image is:
[   13.131665] cloud-init[771]: +--[ED25519 256]--+
[   13.132601] cloud-init[771]: |o.               |
[   13.144370] cloud-init[771]: |=+               |
[   13.145343] cloud-init[771]: |BEo . o          |
[   13.146468] cloud-init[771]: |=Oo+.o o .       |
[   13.147522] cloud-init[771]: |*+=.+o* S        |
[   13.148376] cloud-init[771]: | .oB.=.X         |
[   13.160576] cloud-init[771]: |  ..* * .        |
[   13.161450] cloud-init[771]: |   . * =         |
[   13.162643] cloud-init[771]: |    . =oo        |
[   13.164202] cloud-init[771]: +----[SHA256]-----+
[[0;32m  OK  [0m] Started Initial cloud-init job (metadata service crawler).
[[0;32m  OK  [0m] Reached target Cloud-config availability.
[[0;32m  OK  [0m] Reached target System Initialization.
[[0;32m  OK  [0m] Started ACPI Events Check.
[[0;32m  OK  [0m] Listening on D-Bus System Message Bus Socket.
         Starting LXD - unix socket.
[[0;32m  OK  [0m] Listening on UUID daemon activation socket.
[[0;32m  OK  [0m] Listening on Open-iSCSI iscsid Socket.
[[0;32m  OK  [0m] Started Daily Cleanup of Temporary Directories.
[[0;32m  OK  [0m] Started Daily apt download activities.
[[0;32m  OK  [0m] Started Daily apt upgrade and clean activities.
[[0;32m  OK  [0m] Reached target Paths.
[[0;32m  OK  [0m] Started Discard unused blocks once a week.
[[0;32m  OK  [0m] Started Message of the Day.
[[0;32m  OK  [0m] Reached target Timers.
         Starting Socket activation for snappy daemon.
[[0;32m  OK  [0m] Listening on ACPID Listen Socket.
[[0;32m  OK  [0m] Reached target Network is Online.
         Starting Availability of block devices...
[[0;32m  OK  [0m] Reached target Remote File Systems (Pre).
[[0;32m  OK  [0m] Reached target Remote File Systems.
[[0;32m  OK  [0m] Listening on LXD - unix socket.
[[0;32m  OK  [0m] Listening on Socket activation for snappy daemon.
[[0;32m  OK  [0m] Reached target Sockets.
[[0;32m  OK  [0m] Reached target Basic System.
[[0;32m  OK  [0m] Started irqbalance daemon.
[[0;32m  OK  [0m] Started Deferred execution scheduler.
         Starting Permit User Sessions...
         Starting Dispatcher daemon for systemd-networkd...
[[0;32m  OK  [0m] Started Regular background program processing daemon.
         Starting Login Service...
         Starting LSB: automatic crash report generation...
[[0;32m  OK  [0m] Started D-Bus System Message Bus.
         Starting System Logging Service...
         Starting Snappy daemon...
         Starting Pollinate to seed the pseudo random number generator...
         Starting Accounts Service...
[[0;32m  OK  [0m] Started FUSE filesystem for LXC.
         Starting Virtualbox guest utils...
         Starting LSB: Record successful boot for GRUB...
         Starting LXD - container startup/shutdown...
[[0;32m  OK  [0m] Started System Logging Service.
[[0;32m  OK  [0m] Started Availability of block devices.
[[0;32m  OK  [0m] Started Permit User Sessions.
[[0;32m  OK  [0m] Started Login Service.
[[0;32m  OK  [0m] Started Unattended Upgrades Shutdown.
         Starting Terminate Plymouth Boot Screen...
         Starting Hold until boot process finishes up...
[[0;32m  OK  [0m] Started Hold until boot process finishes up.
[[0;32m  OK  [0m] Started Terminate Plymouth Boot Screen.
[[0;32m  OK  [0m] Started Serial Getty on ttyS0.
         Starting Set console scheme...
[[0;32m  OK  [0m] Started Set console scheme.
[[0;32m  OK  [0m] Created slice system-getty.slice.
[[0;32m  OK  [0m] Started Getty on tty1.
[[0;32m  OK  [0m] Reached target Login Prompts.
[[0;32m  OK  [0m] Started LSB: automatic crash report generation.
         Starting Authorization Manager...
[[0;32m  OK  [0m] Started Virtualbox guest utils.
[[0;32m  OK  [0m] Started LSB: Record successful boot for GRUB.
[[0;32m  OK  [0m] Started Authorization Manager.
[[0;32m  OK  [0m] Started Accounts Service.
[[0;32m  OK  [0m] Started LXD - container startup/shutdown.
[[0;32m  OK  [0m] Started Dispatcher daemon for systemd-networkd.
[[0;32m  OK  [0m] Started Snappy daemon.
         Starting Wait until snapd is fully seeded...
[[0;32m  OK  [0m] Started Wait until snapd is fully seeded.
         Starting Apply the settings specified in cloud-config...
[   16.986068] cloud-init[1182]: Cloud-init v. 19.4-33-gbb4131a2-0ubuntu1~18.04.1 running 'modules:config' at Tue, 03 Mar 2020 10:19:38 +0000. Up 16.36 seconds.
[[0;32m  OK  [0m] Started Apply the settings specified in cloud-config.

Ubuntu 18.04.4 LTS ubuntu-bionic ttyS0

ubuntu-bionic login: ci-info: no authorized SSH keys fingerprints found for user ubuntu.
<14>Mar  3 10:19:42 ec2: 
<14>Mar  3 10:19:42 ec2: #############################################################
<14>Mar  3 10:19:42 ec2: -----BEGIN SSH HOST KEY FINGERPRINTS-----
<14>Mar  3 10:19:42 ec2: 1024 SHA256:V+E9Gs9ZwjkZXXbj3QiZtFSDJJCdUVhYUyPWvqis4Kw root@ubuntu-bionic (DSA)
<14>Mar  3 10:19:42 ec2: 256 SHA256:N5Hvi7AwDfMMHqj9asAbiV7DadhURuZn31I07YBzoz0 root@ubuntu-bionic (ECDSA)
<14>Mar  3 10:19:42 ec2: 256 SHA256:CpJboC2c16MQGiyxJCv/TBer9liVoufPsFukJUMimsE root@ubuntu-bionic (ED25519)
<14>Mar  3 10:19:42 ec2: 2048 SHA256:VhMPSjjSyrJLpNUHC1UdL8Yuk9FMSPUJvaKxPEGTKVg root@ubuntu-bionic (RSA)
<14>Mar  3 10:19:42 ec2: -----END SSH HOST KEY FINGERPRINTS-----
<14>Mar  3 10:19:42 ec2: #############################################################
-----BEGIN SSH HOST KEY KEYS-----
ecdsa-sha2-nistp256 AAAAE2VjZHNhLXNoYTItbmlzdHAyNTYAAAAIbmlzdHAyNTYAAABBBACMHaCICoHDXStOnufJ7lKhyelsPsw8GVxmfRoHfkRCPbVzgFgdFXZqlDT+2H5oG75XlNEjNHBFUn2/JdNwpaw= root@ubuntu-bionic
ssh-ed25519 AAAAC3NzaC1lZDI1NTE5AAAAIMzKiu1R6QOpRZzeJV1l9YeR3/FoDbh7agtQIx0/ue0L root@ubuntu-bionic
ssh-rsa AAAAB3NzaC1yc2EAAAADAQABAAABAQDM+Kmeiyb/+ka56szFbeAtGT5PycZV4H/kd7CiRy4IreFUc6U0SXXEENkURGBD4n1r8Cbc3u2SdFS33JK/PVwz1zAn0WKqFtf//MnOhIchYkv0x02rjOs2cbuVUrji+QquBUCp2RzNWZMnXIXlYGGy9631FgQe9dvMoMlS0vh3GhXnYQ9XlHvLSr04FB4EQBGC0C3mmZyhXr+P9SQB3hgfVmyq/0ba+q2BCKQWohi2n2+hZDMr/HqN036ByJbP1dSPCrjufCdDAQV6Tv+3uk4UAqsGd8H2r582XKG+5JKCusXYkbruzUBdbFWDPElOdOUtU4eYzOt2dIV1vFVYpWQX root@ubuntu-bionic
-----END SSH HOST KEY KEYS-----
[   21.186637] cloud-init[1284]: Cloud-init v. 19.4-33-gbb4131a2-0ubuntu1~18.04.1 running 'modules:final' at Tue, 03 Mar 2020 10:19:42 +0000. Up 20.96 seconds.
[   21.187344] cloud-init[1284]: ci-info: no authorized SSH keys fingerprints found for user ubuntu.
[   21.188359] cloud-init[1284]: Cloud-init v. 19.4-33-gbb4131a2-0ubuntu1~18.04.1 finished at Tue, 03 Mar 2020 10:19:42 +0000. Datasource DataSourceNoCloud [seed=/dev/sdb][dsmode=net].  Up 21.17 seconds
